########### array before sorts ###########
0	-3.000000	10.000000	60.460000	10.000000	n
1	60.460000	10.000000	60.460000	37.460000	n
2	60.460000	37.460000	-3.000000	37.460000	n
3	-3.000000	37.460000	-3.000000	10.000000	n
Tolerance=0.050000.
*Exact match for i=0 and j=1.
*i point -3.000000	10.000000	60.460000	10.000000	y
*Exact match for i=1 and j=2.
*i point 60.460000	10.000000	60.460000	37.460000	y
*Exact match for i=2 and j=3.
*i point 60.460000	37.460000	-3.000000	37.460000	y
########### array after sorts ###########
0	-3.000000	10.000000	60.460000	10.000000	y
1	60.460000	10.000000	60.460000	37.460000	y
2	60.460000	37.460000	-3.000000	37.460000	y
3	-3.000000	37.460000	-3.000000	10.000000	y
***************
.BOARD_OUTLINE UNOWNED
1.6
0     -3.000000     10.000000     0
0     60.460000     10.000000     0
0     60.460000     37.460000     0
0     -3.000000     37.460000     0
0     -3.000000     10.000000     0
